<?xml version="1.0" encoding="UTF-8"?>
<testsuite xmlns:xsi="http://www.w3.org/2001/XMLSchema-instance" xsi:noNamespaceSchemaLocation="https://maven.apache.org/surefire/maven-surefire-plugin/xsd/surefire-test-report.xsd" version="3.0.1" name="grader.LoopAnalyzerTest" time="0.014" tests="4" errors="0" skipped="0" failures="0">
  <properties>
[...]
</properties>
  <testcase name="checksForLoops" classname="grader.LoopAnalyzerTest" time="0.007">
    <system-out><![CDATA[Score: 3
Result: For Loop was found!
Missing While Loop
Invalid Loop Condition
Missing For Loop
While Loop was found
+ Matching Loop Condition
Invalid Loop Condition
]]></system-out>
  </testcase>
  <testcase name="testMissingWhileLoop" classname="grader.LoopAnalyzerTest" time="0.002"/>
  <testcase name="testNoLoopsPresent" classname="grader.LoopAnalyzerTest" time="0.001"/>
  <testcase name="testInvalidLoopCondition" classname="grader.LoopAnalyzerTest" time="0.002"/>
</testsuite>